[24/06/2016 4:59:44pm] Spawning About Window
[24/06/2016 5:03:31pm] Spawning About Window
[24/06/2016 5:05:34pm] About Window Closed
[24/06/2016 5:09:20pm] Spawning About Window
[24/06/2016 5:10:53pm] About Window Closed
[24/06/2016 5:11:20pm] Spawning About Window
[24/06/2016 5:22:04pm] Closed via Tray Menu
[24/06/2016 5:22:04pm] About Window Closed
[24/06/2016 5:22:08pm] Spawning About Window
[24/06/2016 5:24:46pm] Closed via Tray Menu
[24/06/2016 5:24:46pm] About Window Closed
[24/06/2016 5:24:49pm] Spawning About Window
[24/06/2016 5:24:59pm] Testing the app, Parsing Fake Notification...
[24/06/2016 5:24:59pm] device_types - undefined
[24/06/2016 5:24:59pm] alert #undefined, undefined: undefined, content: content
[24/06/2016 5:24:59pm] Spawning Alert Window [undefined]
[24/06/2016 5:25:02pm] Testing the app, Parsing Fake Notification...
[24/06/2016 5:25:02pm] device_types - undefined
[24/06/2016 5:25:02pm] alert #undefined, undefined: undefined, content: content
[24/06/2016 5:25:03pm] Testing the app, Parsing Fake Notification...
[24/06/2016 5:25:03pm] device_types - undefined
[24/06/2016 5:25:03pm] alert #undefined, undefined: undefined, content: content
[24/06/2016 5:25:06pm] Testing the app, Parsing Fake Notification...
[24/06/2016 5:25:06pm] device_types - undefined
[24/06/2016 5:25:06pm] alert #undefined, undefined: undefined, content: content
[24/06/2016 5:25:55pm] Closed via Tray Menu
[24/06/2016 5:25:55pm] About Window Closed
[24/06/2016 5:25:55pm] Closed Alert Window [undefined]
[24/06/2016 5:26:00pm] Spawning About Window
[24/06/2016 5:26:05pm] Testing the app, Parsing Fake Notification...
[24/06/2016 5:26:05pm] device_types - undefined
[24/06/2016 5:26:05pm] alert #undefined, undefined: undefined, content: content
[24/06/2016 5:26:05pm] Spawning Alert Window [undefined]
[24/06/2016 5:26:08pm] Testing the app, Parsing Fake Notification...
[24/06/2016 5:26:08pm] device_types - undefined
[24/06/2016 5:26:08pm] alert #undefined, undefined: undefined, content: content
[24/06/2016 5:26:09pm] Testing the app, Parsing Fake Notification...
[24/06/2016 5:26:09pm] device_types - undefined
[24/06/2016 5:26:09pm] alert #undefined, undefined: undefined, content: content
[24/06/2016 5:26:11pm] Closed Alert Window [undefined]
[24/06/2016 5:26:12pm] Testing the app, Parsing Fake Notification...
[24/06/2016 5:26:12pm] device_types - undefined
[24/06/2016 5:26:12pm] alert #undefined, undefined: undefined, content: content
[24/06/2016 5:26:59pm] About Window Closed
[24/06/2016 5:27:01pm] Spawning About Window
[24/06/2016 5:31:41pm] About Window Closed
[24/06/2016 5:32:09pm] Spawning About Window
[24/06/2016 5:46:49pm] Spawning About Window
[24/06/2016 5:46:52pm] Spawning About Window
[24/06/2016 5:46:57pm] Spawning About Window
[24/06/2016 5:47:00pm] About Window Closed
[24/06/2016 5:47:03pm] About Window Closed
[24/06/2016 5:47:04pm] About Window Closed
[27/06/2016 11:18:58am] Spawning About Window
[27/06/2016 11:19:34am] About Window Closed
[27/06/2016 11:19:37am] Closed via Tray Menu
[28/06/2016 10:41:06am] Spawning About Window
[28/06/2016 10:42:13am] Closed via Tray Menu
[28/06/2016 10:42:13am] About Window Closed
[28/06/2016 10:42:16am] Spawning About Window
[28/06/2016 10:42:16am] Socket Dropped, Trying to reconnect...
[28/06/2016 10:43:14am] Socket Dropped, Trying to reconnect...
[28/06/2016 10:43:15am] About Window Closed
[28/06/2016 10:43:17am] Spawning About Window
[28/06/2016 10:50:18am] Socket Dropped, Trying to reconnect...
[28/06/2016 10:50:19am] About Window Closed
[28/06/2016 10:50:22am] Spawning About Window
[28/06/2016 10:51:27am] Spawning About Window
[28/06/2016 10:51:27am] Connected to Server.
[28/06/2016 10:53:27am] About Window Closed
[28/06/2016 10:53:28am] Spawning About Window
[28/06/2016 10:53:28am] Connected to Server.
[28/06/2016 10:56:46am] Socket Dropped, Trying to reconnect...
[28/06/2016 10:56:49am] Connected to Server.
[28/06/2016 10:56:49am] Connected to Server.
[28/06/2016 10:56:51am] About Window Closed
[28/06/2016 10:56:52am] Spawning About Window
[28/06/2016 10:56:52am] Connected to Server.
[28/06/2016 11:30:32am] Closed via Tray Menu
[28/06/2016 11:30:32am] About Window Closed
[28/06/2016 11:30:40am] Spawning About Window
[28/06/2016 11:30:40am] Connected to Server.
[28/06/2016 11:38:09am] Closed via Tray Menu
[28/06/2016 11:38:09am] About Window Closed
[28/06/2016 11:38:14am] Spawning About Window
[28/06/2016 11:38:14am] Connected to Server.
[28/06/2016 11:50:06am] About Window Closed
[28/06/2016 11:50:07am] Spawning About Window
[28/06/2016 11:57:42am] About Window Closed
[28/06/2016 11:57:43am] Spawning About Window
[28/06/2016 11:59:52am] Spawning About Window
[28/06/2016 12:00:05pm] About Window Closed
[28/06/2016 12:00:08pm] About Window Closed
[28/06/2016 12:00:28pm] Spawning About Window
[28/06/2016 12:02:06pm] Spawning Settings Window
[28/06/2016 12:02:10pm] Closed Settings Window
[28/06/2016 1:04:13pm] About Window Closed
[28/06/2016 1:05:50pm] Spawning About Window
[28/06/2016 2:39:33pm] Spawning About Window
[28/06/2016 2:40:24pm] About Window Closed
[28/06/2016 5:11:25pm] Testing the app, Parsing Fake Notification...
[28/06/2016 5:11:25pm] device_types - undefined
[28/06/2016 5:11:25pm] alert #undefined, undefined: undefined, content: content
[28/06/2016 5:11:25pm] Spawning Alert Window [undefined]
[28/06/2016 5:11:27pm] Testing the app, Parsing Fake Notification...
[28/06/2016 5:11:27pm] device_types - undefined
[28/06/2016 5:11:27pm] alert #undefined, undefined: undefined, content: content
[28/06/2016 5:11:29pm] Closed Alert Window [undefined]
[28/06/2016 5:11:29pm] Testing the app, Parsing Fake Notification...
[28/06/2016 5:11:29pm] device_types - undefined
[28/06/2016 5:11:29pm] alert #undefined, undefined: undefined, content: content
[28/06/2016 5:11:31pm] Testing the app, Parsing Fake Notification...
[28/06/2016 5:11:31pm] device_types - undefined
[28/06/2016 5:11:31pm] alert #undefined, undefined: undefined, content: content
[28/06/2016 6:18:05pm] Spawning Settings Window
[28/06/2016 6:18:10pm] Closed Settings Window
[28/06/2016 6:33:19pm] About Window Closed
[28/06/2016 6:33:25pm] Closed via Tray Menu
[29/06/2016 10:17:22am] Spawning About Window
[29/06/2016 10:17:31am] About Window Closed
[29/06/2016 10:19:06am] Spawning About Window
[29/06/2016 10:19:48am] About Window Closed
[29/06/2016 10:19:50am] Spawning About Window
[29/06/2016 11:10:31am] Spawning About Window
[29/06/2016 11:10:39am] About Window Closed
[29/06/2016 11:14:01am] About Window Closed
[29/06/2016 11:14:08am] Spawning About Window
[29/06/2016 12:14:47pm] Spawning Settings Window
[29/06/2016 12:14:51pm] Closed Settings Window
[29/06/2016 12:35:11pm] Closed via Tray Menu
[29/06/2016 12:35:11pm] About Window Closed
[29/06/2016 12:35:55pm] Spawning About Window
[29/06/2016 12:35:55pm] Connected to Server.
[29/06/2016 12:35:56pm] Connected to Server.
[29/06/2016 12:35:58pm] Connected to Server.
[29/06/2016 12:41:37pm] Connected to Server.
[29/06/2016 12:41:37pm] Connected to Server.
[29/06/2016 12:41:56pm] Connected to Server.
[29/06/2016 12:41:56pm] Connected to Server.
[29/06/2016 12:43:16pm] Connected to Server.
[29/06/2016 12:43:16pm] Connected to Server.
[29/06/2016 12:46:01pm] Connected to Server.
[29/06/2016 12:46:01pm] Connected to Server.
[29/06/2016 12:47:27pm] Connected to Server.
[29/06/2016 12:52:39pm] About Window Closed
[30/06/2016 11:53:10am] Spawning About Window
[30/06/2016 12:14:57pm] About Window Closed
[30/06/2016 12:19:52pm] Spawning About Window
[30/06/2016 12:20:11pm] About Window Closed
[30/06/2016 12:20:12pm] Closed via Tray Menu
[30/06/2016 12:20:25pm] Spawning About Window
[30/06/2016 12:20:34pm] Spawning About Window
[30/06/2016 1:03:21pm] Spawning About Window
[30/06/2016 1:03:39pm] About Window Closed
[30/06/2016 1:03:41pm] About Window Closed
[30/06/2016 1:03:45pm] About Window Closed
[30/06/2016 1:03:46pm] Spawning About Window
[30/06/2016 1:04:39pm] About Window Closed
[30/06/2016 1:14:07pm] Spawning About Window
[30/06/2016 1:14:14pm] About Window Closed
[30/06/2016 1:14:15pm] Spawning About Window
[30/06/2016 1:15:22pm] Spawning About Window
[30/06/2016 1:15:28pm] About Window Closed
[30/06/2016 1:15:30pm] Spawning About Window
[30/06/2016 1:15:35pm] About Window Closed
[30/06/2016 1:15:37pm] Spawning About Window
[30/06/2016 1:15:44pm] About Window Closed
[30/06/2016 1:15:54pm] About Window Closed
[30/06/2016 1:20:22pm] Spawning About Window
[30/06/2016 1:22:41pm] Testing the app, Parsing Fake Notification...
[30/06/2016 1:22:41pm] device_types - undefined
[30/06/2016 1:22:41pm] alert #undefined, undefined: undefined, content: content
[30/06/2016 1:22:41pm] Spawning Alert Window [undefined]
[30/06/2016 1:22:44pm] Testing the app, Parsing Fake Notification...
[30/06/2016 1:22:44pm] device_types - undefined
[30/06/2016 1:22:44pm] alert #undefined, undefined: undefined, content: content
[30/06/2016 1:22:45pm] Testing the app, Parsing Fake Notification...
[30/06/2016 1:22:45pm] device_types - undefined
[30/06/2016 1:22:45pm] alert #undefined, undefined: undefined, content: content
[30/06/2016 1:22:48pm] Testing the app, Parsing Fake Notification...
[30/06/2016 1:22:48pm] device_types - undefined
[30/06/2016 1:22:48pm] alert #undefined, undefined: undefined, content: content
[30/06/2016 2:34:25pm] Spawning About Window
[30/06/2016 2:36:41pm] Closed via Tray Menu
[30/06/2016 2:36:41pm] Closed Alert Window [undefined]
[30/06/2016 2:36:41pm] About Window Closed
[30/06/2016 2:36:41pm] About Window Closed
[30/06/2016 4:34:41pm] Spawning About Window
[30/06/2016 5:13:21pm] About Window Closed
[30/06/2016 5:13:23pm] Spawning About Window
[30/06/2016 5:18:25pm] About Window Closed
[30/06/2016 5:19:08pm] Spawning About Window
[30/06/2016 5:27:53pm] Closed via Tray Menu
[30/06/2016 5:27:53pm] About Window Closed
[30/06/2016 5:28:01pm] Spawning About Window
[30/06/2016 6:01:35pm] About Window Closed
[30/06/2016 6:41:31pm] Spawning About Window
[30/06/2016 7:36:46pm] About Window Closed
[01/07/2016 10:41:20am] Spawning About Window
[01/07/2016 12:21:10pm] About Window Closed
[01/07/2016 12:21:12pm] Spawning About Window
[01/07/2016 12:22:25pm] Closed via Tray Menu
[01/07/2016 12:22:25pm] About Window Closed
[01/07/2016 12:22:32pm] Spawning About Window
[01/07/2016 12:25:54pm] About Window Closed
[01/07/2016 12:25:55pm] Spawning About Window
[01/07/2016 12:28:53pm] About Window Closed
[01/07/2016 12:28:54pm] Spawning About Window
[01/07/2016 12:46:16pm] About Window Closed
[01/07/2016 12:46:17pm] Spawning About Window
[01/07/2016 2:40:44pm] About Window Closed
[01/07/2016 2:40:47pm] Spawning About Window
[01/07/2016 4:31:33pm] Spawning About Window
[01/07/2016 4:31:35pm] About Window Closed
[01/07/2016 4:31:40pm] About Window Closed
[01/07/2016 4:31:41pm] Spawning About Window
[01/07/2016 4:43:22pm] Closed via Tray Menu
[01/07/2016 4:43:22pm] About Window Closed
[01/07/2016 4:43:31pm] Spawning About Window
[01/07/2016 4:51:04pm] Closed via Tray Menu
[01/07/2016 4:51:04pm] About Window Closed
[01/07/2016 4:51:40pm] Spawning About Window
[03/05/2017 2:33:38pm] Spawning About Window
[03/05/2017 2:36:27pm] About Window Closed
[08/05/2017 3:19:46pm] Spawning About Window
[08/05/2017 3:20:09pm] About Window Closed
[08/05/2017 4:37:07pm] Spawning About Window
[08/05/2017 4:37:10pm] About Window Closed
[08/05/2017 4:39:00pm] Spawning About Window
[08/05/2017 4:39:01pm] Connected to Server.
[08/05/2017 4:41:49pm] Socket Dropped, Trying to reconnect...
[08/05/2017 4:42:02pm] Connected to Server.
[08/05/2017 4:42:02pm] Connected to Server.
[08/05/2017 4:43:06pm] Event occured, Triggering Parser...
[08/05/2017 4:43:06pm] {}
[08/05/2017 4:44:17pm] Socket Dropped, Trying to reconnect...
[08/05/2017 4:44:19pm] Connected to Server.
[08/05/2017 4:44:19pm] Connected to Server.
[08/05/2017 4:44:19pm] Connected to Server.
[08/05/2017 4:44:23pm] Event occured, Triggering Parser...
[08/05/2017 4:44:23pm] {}
[08/05/2017 4:45:23pm] Socket Dropped, Trying to reconnect...
[08/05/2017 4:45:38pm] Spawning About Window
[08/05/2017 4:46:10pm] Connected to Server.
[08/05/2017 4:46:10pm] Connected to Server.
[08/05/2017 4:46:10pm] Connected to Server.
[08/05/2017 4:46:10pm] Connected to Server.
[08/05/2017 4:46:22pm] Event occured, Triggering Parser...
[08/05/2017 4:46:22pm] {}
[08/05/2017 4:47:35pm] Socket Dropped, Trying to reconnect...
[08/05/2017 4:47:35pm] Connected to Server.
[08/05/2017 4:47:35pm] Connected to Server.
[08/05/2017 4:47:35pm] Connected to Server.
[08/05/2017 4:47:35pm] Connected to Server.
[08/05/2017 4:47:35pm] Connected to Server.
[08/05/2017 4:48:27pm] About Window Closed
[08/05/2017 4:48:42pm] Event occured, Triggering Parser...
[08/05/2017 4:48:42pm] {}
[08/05/2017 4:49:57pm] Socket Dropped, Trying to reconnect...
[08/05/2017 4:49:59pm] Connected to Server.
[08/05/2017 4:49:59pm] Connected to Server.
[08/05/2017 4:49:59pm] Connected to Server.
[08/05/2017 4:49:59pm] Connected to Server.
[08/05/2017 4:49:59pm] Connected to Server.
[08/05/2017 4:49:59pm] Connected to Server.
[08/05/2017 4:50:58pm] Event occured, Triggering Parser...
[08/05/2017 4:50:58pm] {}
[08/05/2017 4:52:14pm] Socket Dropped, Trying to reconnect...
[08/05/2017 4:52:15pm] Connected to Server.
[08/05/2017 4:52:15pm] Connected to Server.
[08/05/2017 4:52:15pm] Connected to Server.
[08/05/2017 4:52:15pm] Connected to Server.
[08/05/2017 4:52:15pm] Connected to Server.
[08/05/2017 4:52:15pm] Connected to Server.
[08/05/2017 4:52:15pm] Connected to Server.
